Microsoft (R) Macro Assembler Version 14.16.27026.1	    02/21/19 13:00:24
AddTwo.asm						     Page 1 - 1


				; summation of the list values

				.386
				.model flat,stdcall
				.stack 4096
				ExitProcess proto,dwExitCode:dword

 00000000			.data
 00000000  00000004 [			myWord WORD 4 DUP(1,2,3,4,5)
	    0001 0002
	    0003 0004
	    0005
	   ]

 00000000			.code
 00000000			main proc
 00000000  B8 00000000			mov eax, 0
 00000005  66| A1			mov ax, myWord + 0 ; sum up the list values
	   00000000 R
 0000000B  66| 03 05			add ax, myWord + 2
	   00000002 R
 00000012  66| 03 05			add ax, myWord + 4
	   00000004 R
 00000019  66| 03 05			add ax, myWord + 6
	   00000006 R
 00000020  66| 03 05			add ax, myWord + 8
	   00000008 R

					invoke ExitProcess,0
 00000027  6A 00	   *	    push   +000000000h
 00000029  E8 00000000 E   *	    call   ExitProcess
 0000002E			main endp
				end main
Microsoft (R) Macro Assembler Version 14.16.27026.1	    02/21/19 13:00:24
AddTwo.asm						     Symbols 2 - 1




Segments and Groups:

                N a m e                 Size     Length   Align   Combine Class

FLAT . . . . . . . . . . . . . .	GROUP
STACK  . . . . . . . . . . . . .	32 Bit	 00001000 DWord	  Stack	  'STACK'	 
_DATA  . . . . . . . . . . . . .	32 Bit	 00000028 DWord	  Public  'DATA'	
_TEXT  . . . . . . . . . . . . .	32 Bit	 0000002E DWord	  Public  'CODE'	


Procedures, parameters, and locals:

                N a m e                 Type     Value    Attr

ExitProcess  . . . . . . . . . .	P Near	 00000000 FLAT	Length= 00000000 External STDCALL
main . . . . . . . . . . . . . .	P Near	 00000000 _TEXT	Length= 0000002E Public STDCALL


Symbols:

                N a m e                 Type     Value    Attr

@CodeSize  . . . . . . . . . . .	Number	 00000000h   
@DataSize  . . . . . . . . . . .	Number	 00000000h   
@Interface . . . . . . . . . . .	Number	 00000003h   
@Model . . . . . . . . . . . . .	Number	 00000007h   
@code  . . . . . . . . . . . . .	Text   	 _TEXT
@data  . . . . . . . . . . . . .	Text   	 FLAT
@fardata?  . . . . . . . . . . .	Text   	 FLAT
@fardata . . . . . . . . . . . .	Text   	 FLAT
@stack . . . . . . . . . . . . .	Text   	 FLAT
myWord . . . . . . . . . . . . .	Word	 00000000 _DATA	

	   0 Warnings
	   0 Errors
